d:\msi files\amc course\lab1\lab1\debug\vc142.pdb
d:\msi files\amc course\lab1\lab1\debug\vc142.idb
d:\msi files\amc course\lab1\lab1\debug\glad.obj
d:\msi files\amc course\lab1\lab1\debug\main.obj
d:\msi files\amc course\lab1\lab1\debug\glwindow.obj
d:\msi files\amc course\lab1\lab1\debug\glrendersystem.obj
d:\msi files\amc course\lab1\debug\lab1.ilk
d:\msi files\amc course\lab1\debug\lab1.exe
d:\msi files\amc course\lab1\debug\lab1.pdb
f:\msi files\amc course\lab1\lab1\debug\glad.obj
f:\msi files\amc course\lab1\lab1\debug\glrendersystem.obj
f:\msi files\amc course\lab1\lab1\debug\glwindow.obj
f:\msi files\amc course\lab1\lab1\debug\main.obj
f:\msi files\amc course\lab1\lab1\debug\vc141.idb
f:\msi files\amc course\lab1\lab1\debug\vc142.idb
f:\msi files\amc course\lab1\lab1\debug\vc141.pdb
f:\msi files\amc course\lab1\lab1\debug\vc142.pdb
f:\msi files\amc course\lab1\debug\lab1.pdb
f:\msi files\amc course\lab1\debug\lab1.exe
f:\msi files\amc course\lab1\debug\lab1.ilk
f:\msi files\amc course\lab1\lab1\debug\lab1.tlog\cl.command.1.tlog
f:\msi files\amc course\lab1\lab1\debug\lab1.tlog\cl.read.1.tlog
f:\msi files\amc course\lab1\lab1\debug\lab1.tlog\cl.write.1.tlog
f:\msi files\amc course\lab1\lab1\debug\lab1.tlog\link.command.1.tlog
f:\msi files\amc course\lab1\lab1\debug\lab1.tlog\link.read.1.tlog
f:\msi files\amc course\lab1\lab1\debug\lab1.tlog\link.write.1.tlog
